<?xml version="1.0" encoding="UTF-8" ?>
<testsuites errors="1"
            failures="1"
            tests="2">

  <testsuite name="register"
    errors="1" failures="1" hostname="" id="" package="register" skipped="1"
    tests="2" time="9.008" timestamp="">
  
    <testcase name="Passo 1: Acessar a página de autenticação" classname="register" time="3.627" assertions="3">

    

    

    
    </testcase>
  
    <testcase name="Passo 2: Tentar fazer o cadastro" classname="register" time="5.381" assertions="2">

      <failure message="Testing if element &lt;#auth-email &gt; div.actions &gt; a:nth-child(2)&gt; is visible in 5000ms - expected &#34;is visible&#34; but got: &#34;element could not be located&#34; (5302ms)">    at Object.Passo 2: Tentar fazer o cadastro (D:\hcode-lab\02js\fase4\jsdev\tests\register.js:19:15)
    at processTicksAndRejections (internal/process/task_queues.js:93:5)</failure>

    
    <error message="Error while running &#34;visible&#34; command: Testing if element [0;33m&lt;#auth-email &gt; div.actions &gt; a:nth-child(2)&gt;[0m is visible in 5000ms - expected [0;32m&#34;is visible&#34;[0m but got: [0;31m&#34;element could not be located&#34;[0m [0;90m(5302ms)[0m" type="error"><![CDATA[
        at Object.Passo 2: Tentar fazer o cadastro (D:\hcode-lab\02js\fase4\jsdev\tests\register.js:19:15)
    at processTicksAndRejections (internal/process/task_queues.js:93:5)
    ]]></error>
    
    </testcase>
  

  
    <system-err>
        NoSuchElementError: An error occurred while running .isVisible() command on &lt;#auth-email &gt; div.actions &gt; a:nth-child(2)&gt;: 
   {&#34;state&#34;:&#34;success&#34;,&#34;sessionId&#34;:null,&#34;value&#34;:[],&#34;status&#34;:0}
       at processTicksAndRejections (internal/process/task_queues.js:93:5)
    </system-err>
  

    

  
    
    <testcase
      name="Passo 3: Verificar se autenticou apos o cadastro" classname="register">
      <skipped />
    </testcase>
    
  
  </testsuite>
</testsuites>
